Started by user anonymous
Updating svn://localhost/gameoflife/trunk
At revision 9
no change for svn://localhost/gameoflife/trunk since the previous build
JDK installation skipped: Unknown CPU name: mac os x
[workspace] $ /Users/johnsmart/Projects/Books/continuous-integration-with-hudson/resources/book-examples/chapter-automated-tests/hudson-data/tools/Maven_2.2.1/bin/mvn verify
[INFO] Scanning for projects...
[INFO] ------------------------------------------------------------------------
[INFO] Building Game of Life business logic module
[INFO]    task-segment: [verify]
[INFO] ------------------------------------------------------------------------
[INFO] [resources:resources {execution: default-resources}]
[WARNING] Using platform encoding (MacRoman actually) to copy filtered resources, i.e. build is platform dependent!
[INFO] Copying 0 resource
[INFO] [compiler:compile {execution: default-compile}]
[INFO] Nothing to compile - all classes are up to date
[INFO] [resources:testResources {execution: default-testResources}]
[WARNING] Using platform encoding (MacRoman actually) to copy filtered resources, i.e. build is platform dependent!
[INFO] Copying 0 resource
[INFO] [compiler:testCompile {execution: default-testCompile}]
[INFO] Nothing to compile - all classes are up to date
[INFO] [surefire:test {execution: default-test}]
[INFO] Surefire report directory: /Users/johnsmart/Projects/Books/continuous-integration-with-hudson/resources/book-examples/chapter-automated-tests/hudson-data/jobs/gameoflife-default-freestyle/workspace/target/surefire-reports

-------------------------------------------------------
 T E S T S
-------------------------------------------------------
Running com.ciwithhudson.gameoflife.domain.GridTest
Tests run: 2, Failures: 0, Errors: 0, Skipped: 0, Time elapsed: 0.042 sec
Running com.ciwithhudson.gameoflife.domain.CellTest
Tests run: 4, Failures: 0, Errors: 0, Skipped: 0, Time elapsed: 0.026 sec
Running com.ciwithhudson.gameoflife.domain.UniverseTest
Tests run: 14, Failures: 0, Errors: 0, Skipped: 0, Time elapsed: 0.044 sec

Results :

Tests run: 20, Failures: 0, Errors: 0, Skipped: 0

[INFO] [jar:jar {execution: default-jar}]
[INFO] ------------------------------------------------------------------------
[INFO] BUILD SUCCESSFUL
[INFO] ------------------------------------------------------------------------
[INFO] Total time: 4 seconds
[INFO] Finished at: Fri May 21 08:14:22 EST 2010
[INFO] Final Memory: 16M/80M
[INFO] ------------------------------------------------------------------------
Recording test results
JDK installation skipped: Unknown CPU name: mac os x
Finished: SUCCESS
