Started by user anonymous
Checking out a fresh workspace because there's no workspace at /Users/johnsmart/Projects/Books/continuous-integration-with-hudson/resources/book-examples/chapter-automated-tests/hudson-data/jobs/gameoflife-default-freestyle/workspace
Checking out svn://localhost/gameoflife/trunk
A         .classpath
A         .project
A         src
A         src/test
A         src/test/java
A         src/test/java/com
A         src/test/java/com/ciwithhudson
A         src/test/java/com/ciwithhudson/gameoflife
A         src/test/java/com/ciwithhudson/gameoflife/domain
A         src/test/java/com/ciwithhudson/gameoflife/domain/CellTest.java
A         src/test/java/com/ciwithhudson/gameoflife/domain/UniverseTest.java
A         src/test/java/com/ciwithhudson/gameoflife/domain/GridTest.java
A         src/test/resources
A         src/main
A         src/main/java
A         src/main/java/com
A         src/main/java/com/ciwithhudson
A         src/main/java/com/ciwithhudson/gameoflife
A         src/main/java/com/ciwithhudson/gameoflife/domain
A         src/main/java/com/ciwithhudson/gameoflife/domain/Cell.java
A         src/main/java/com/ciwithhudson/gameoflife/domain/Universe.java
A         src/main/java/com/ciwithhudson/gameoflife/domain/Grid.java
A         src/main/java/com/ciwithhudson/gameoflife/domain/LivingCell.java
A         src/main/java/com/ciwithhudson/gameoflife/domain/DeadCell.java
A         src/main/resources
A         pom.xml
A         .settings
A         .settings/org.eclipse.jdt.core.prefs
A         .settings/org.maven.ide.eclipse.prefs
At revision 9
JDK installation skipped: Unknown CPU name: mac os x
[workspace] $ /Users/johnsmart/Projects/Books/continuous-integration-with-hudson/resources/book-examples/chapter-automated-tests/hudson-data/tools/Maven_2.2.1/bin/mvn verify
[INFO] Scanning for projects...
[INFO] ------------------------------------------------------------------------
[INFO] Building Game of Life business logic module
[INFO]    task-segment: [verify]
[INFO] ------------------------------------------------------------------------
[INFO] [resources:resources {execution: default-resources}]
[WARNING] Using platform encoding (MacRoman actually) to copy filtered resources, i.e. build is platform dependent!
[INFO] Copying 0 resource
[INFO] [compiler:compile {execution: default-compile}]
[WARNING] File encoding has not been set, using platform encoding MacRoman, i.e. build is platform dependent!
[INFO] Compiling 5 source files to /Users/johnsmart/Projects/Books/continuous-integration-with-hudson/resources/book-examples/chapter-automated-tests/hudson-data/jobs/gameoflife-default-freestyle/workspace/target/classes
[INFO] [resources:testResources {execution: default-testResources}]
[WARNING] Using platform encoding (MacRoman actually) to copy filtered resources, i.e. build is platform dependent!
[INFO] Copying 0 resource
[INFO] [compiler:testCompile {execution: default-testCompile}]
[WARNING] File encoding has not been set, using platform encoding MacRoman, i.e. build is platform dependent!
[INFO] Compiling 3 source files to /Users/johnsmart/Projects/Books/continuous-integration-with-hudson/resources/book-examples/chapter-automated-tests/hudson-data/jobs/gameoflife-default-freestyle/workspace/target/test-classes
[INFO] [surefire:test {execution: default-test}]
[INFO] Surefire report directory: /Users/johnsmart/Projects/Books/continuous-integration-with-hudson/resources/book-examples/chapter-automated-tests/hudson-data/jobs/gameoflife-default-freestyle/workspace/target/surefire-reports

-------------------------------------------------------
 T E S T S
-------------------------------------------------------
Running com.ciwithhudson.gameoflife.domain.GridTest
Tests run: 2, Failures: 0, Errors: 0, Skipped: 0, Time elapsed: 0.065 sec
Running com.ciwithhudson.gameoflife.domain.CellTest
Tests run: 4, Failures: 0, Errors: 0, Skipped: 0, Time elapsed: 0.011 sec
Running com.ciwithhudson.gameoflife.domain.UniverseTest
Tests run: 14, Failures: 0, Errors: 0, Skipped: 0, Time elapsed: 0.034 sec

Results :

Tests run: 20, Failures: 0, Errors: 0, Skipped: 0

[INFO] [jar:jar {execution: default-jar}]
[INFO] Building jar: /Users/johnsmart/Projects/Books/continuous-integration-with-hudson/resources/book-examples/chapter-automated-tests/hudson-data/jobs/gameoflife-default-freestyle/workspace/target/gameoflife-core-0.0.1-SNAPSHOT.jar
[INFO] ------------------------------------------------------------------------
[INFO] BUILD SUCCESSFUL
[INFO] ------------------------------------------------------------------------
[INFO] Total time: 6 seconds
[INFO] Finished at: Fri May 21 08:09:38 EST 2010
[INFO] Final Memory: 22M/80M
[INFO] ------------------------------------------------------------------------
Recording test results
JDK installation skipped: Unknown CPU name: mac os x
Finished: SUCCESS
